<?xml version="1.0" encoding="UTF-8" ?>
<testsuite failures="0" time="1.017" errors="0" skipped="0" tests="4" name="org.comprehend.ExampleTest">
  <properties>
[...]
</properties>
  <testcase time="0" classname="org.comprehend.ExampleTest" name="stringConcat"/>
  <testcase time="1.002" classname="org.comprehend.ExampleTest" name="concurrentExample"/>
  <testcase time="0.003" classname="org.comprehend.ExampleTest" name="basicExample"/>
  <testcase time="0.004" classname="org.comprehend.ExampleTest" name="multiplyExample"/>
</testsuite>